  [1m[35m (12.0ms)[0m  [1m[35mCREATE DATABASE "city_connector_development" ENCODING = 'unicode'[0m
  ↳ /Users/irtaj/.gem/ruby/2.3.3/bin/rake:22
  [1m[35m (1.0ms)[0m  [1m[35mCREATE DATABASE "city_connector_test" ENCODING = 'unicode'[0m
  ↳ /Users/irtaj/.gem/ruby/2.3.3/bin/rake:22
  [1m[35m (224.8ms)[0m  [1m[35mDROP DATABASE IF EXISTS "city_connector_development"[0m
  ↳ /Users/irtaj/.gem/ruby/2.3.3/bin/rake:22
  [1m[35m (224.8ms)[0m  [1m[35mDROP DATABASE IF EXISTS "city_connector_test"[0m
  ↳ /Users/irtaj/.gem/ruby/2.3.3/bin/rake:22
  [1m[35m (736.4ms)[0m  [1m[35mCREATE DATABASE "city_connector_development" ENCODING = 'unicode'[0m
  ↳ /Users/irtaj/.gem/ruby/2.3.3/bin/rake:22
  [1m[35m (414.2ms)[0m  [1m[35mCREATE DATABASE "city_connector_test" ENCODING = 'unicode'[0m
  ↳ /Users/irtaj/.gem/ruby/2.3.3/bin/rake:22
  [1m[35m (39.4ms)[0m  [1m[35mCREATE TABLE "schema_migrations" ("version" character varying NOT NULL PRIMARY KEY)[0m
  ↳ /Users/irtaj/.gem/ruby/2.3.3/bin/rake:22
  [1m[35m (52.8ms)[0m  [1m[35mCREATE TABLE "ar_internal_metadata" ("key" character varying NOT NULL PRIMARY KEY, "value" character varying, "created_at" timestamp NOT NULL, "updated_at" timestamp NOT NULL)[0m
  ↳ /Users/irtaj/.gem/ruby/2.3.3/bin/rake:22
  [1m[35m (3.6ms)[0m  [1m[34mSELECT pg_try_advisory_lock(7058545287110250675)[0m
  ↳ /Users/irtaj/.gem/ruby/2.3.3/bin/rake:22
  [1m[35m (4.9ms)[0m  [1m[34mSELECT "schema_migrations"."version" FROM "schema_migrations" ORDER BY "schema_migrations"."version" ASC[0m
  ↳ /Users/irtaj/.gem/ruby/2.3.3/bin/rake:22
Migrating to DeviseCreateUsers (20180426223623)
  [1m[35m (0.3ms)[0m  [1m[35mBEGIN[0m
  ↳ /Users/irtaj/.gem/ruby/2.3.3/bin/rake:22
  [1m[35m (59.5ms)[0m  [1m[35mCREATE TABLE "users" ("id" bigserial primary key, "email" character varying DEFAULT '' NOT NULL, "encrypted_password" character varying DEFAULT '' NOT NULL, "reset_password_token" character varying, "reset_password_sent_at" timestamp, "remember_created_at" timestamp, "sign_in_count" integer DEFAULT 0 NOT NULL, "current_sign_in_at" timestamp, "last_sign_in_at" timestamp, "current_sign_in_ip" inet, "last_sign_in_ip" inet, "created_at" timestamp NOT NULL, "updated_at" timestamp NOT NULL)[0m
  ↳ db/migrate/20180426223623_devise_create_users.rb:5
  [1m[35m (8.1ms)[0m  [1m[35mCREATE UNIQUE INDEX  "index_users_on_email" ON "users"  ("email")[0m
  ↳ db/migrate/20180426223623_devise_create_users.rb:39
  [1m[35m (2.9ms)[0m  [1m[35mCREATE UNIQUE INDEX  "index_users_on_reset_password_token" ON "users"  ("reset_password_token")[0m
  ↳ db/migrate/20180426223623_devise_create_users.rb:40
  [1m[36mActiveRecord::SchemaMigration Create (22.8ms)[0m  [1m[32mINSERT INTO "schema_migrations" ("version") VALUES ($1) RETURNING "version"[0m  [["version", "20180426223623"]]
  ↳ /Users/irtaj/.gem/ruby/2.3.3/bin/rake:22
  [1m[35m (5.1ms)[0m  [1m[35mCOMMIT[0m
  ↳ /Users/irtaj/.gem/ruby/2.3.3/bin/rake:22
Migrating to CreateCompanies (20180501130826)
  [1m[35m (6.1ms)[0m  [1m[35mBEGIN[0m
  ↳ /Users/irtaj/.gem/ruby/2.3.3/bin/rake:22
  [1m[35m (18.4ms)[0m  [1m[35mCREATE TABLE "companies" ("id" bigserial primary key, "name" character varying NOT NULL, "description" text NOT NULL, "website" character varying NOT NULL, "type" character varying NOT NULL, "street" character varying NOT NULL, "suite" character varying, "city" character varying NOT NULL, "state" character varying NOT NULL, "zip" integer NOT NULL, "mn_phone" character varying, "mn_email" character varying, "verified" boolean DEFAULT FALSE, "resource_needed" character varying, "resource_surplus" character varying, "urgent" boolean DEFAULT FALSE, "remember_created_at" timestamp, "created_at" timestamp NOT NULL, "updated_at" timestamp NOT NULL)[0m
  ↳ db/migrate/20180501130826_create_companies.rb:3
  [1m[36mActiveRecord::SchemaMigration Create (0.5ms)[0m  [1m[32mINSERT INTO "schema_migrations" ("version") VALUES ($1) RETURNING "version"[0m  [["version", "20180501130826"]]
  ↳ /Users/irtaj/.gem/ruby/2.3.3/bin/rake:22
  [1m[35m (4.2ms)[0m  [1m[35mCOMMIT[0m
  ↳ /Users/irtaj/.gem/ruby/2.3.3/bin/rake:22
  [1m[36mActiveRecord::InternalMetadata Load (6.9ms)[0m  [1m[34mSELECT  "ar_internal_metadata".* FROM "ar_internal_metadata" WHERE "ar_internal_metadata"."key" = $1 LIMIT $2[0m  [["key", "environment"], ["LIMIT", 1]]
  ↳ /Users/irtaj/.gem/ruby/2.3.3/bin/rake:22
  [1m[35m (0.3ms)[0m  [1m[35mBEGIN[0m
  ↳ /Users/irtaj/.gem/ruby/2.3.3/bin/rake:22
  [1m[36mActiveRecord::InternalMetadata Create (8.0ms)[0m  [1m[32mINSERT INTO "ar_internal_metadata" ("key", "value", "created_at", "updated_at") VALUES ($1, $2, $3, $4) RETURNING "key"[0m  [["key", "environment"], ["value", "development"], ["created_at", "2018-05-01 13:19:05.333770"], ["updated_at", "2018-05-01 13:19:05.333770"]]
  ↳ /Users/irtaj/.gem/ruby/2.3.3/bin/rake:22
  [1m[35m (1.1ms)[0m  [1m[35mCOMMIT[0m
  ↳ /Users/irtaj/.gem/ruby/2.3.3/bin/rake:22
  [1m[35m (0.3ms)[0m  [1m[34mSELECT pg_advisory_unlock(7058545287110250675)[0m
  ↳ /Users/irtaj/.gem/ruby/2.3.3/bin/rake:22
  [1m[35m (0.5ms)[0m  [1m[34mSELECT "schema_migrations"."version" FROM "schema_migrations" ORDER BY "schema_migrations"."version" ASC[0m
  ↳ /Users/irtaj/.gem/ruby/2.3.3/bin/rake:22
  [1m[35m (1.4ms)[0m  [1m[34mSELECT "schema_migrations"."version" FROM "schema_migrations" ORDER BY "schema_migrations"."version" ASC[0m
  ↳ /Users/irtaj/.gem/ruby/2.3.3/bin/rake:22
  [1m[35m (0.9ms)[0m  [1m[34mSELECT "schema_migrations"."version" FROM "schema_migrations" ORDER BY "schema_migrations"."version" ASC[0m
  ↳ /Users/irtaj/.gem/ruby/2.3.3/bin/rake:22
  [1m[35m (0.7ms)[0m  [1m[34mSELECT "schema_migrations"."version" FROM "schema_migrations" ORDER BY "schema_migrations"."version" ASC[0m
  ↳ /Users/irtaj/.gem/ruby/2.3.3/bin/rake:22
  [1m[35m (0.6ms)[0m  [1m[34mSELECT pg_try_advisory_lock(7058545287110250675)[0m
  ↳ /Users/irtaj/.gem/ruby/2.3.3/bin/rake:22
  [1m[35m (0.6ms)[0m  [1m[34mSELECT "schema_migrations"."version" FROM "schema_migrations" ORDER BY "schema_migrations"."version" ASC[0m
  ↳ /Users/irtaj/.gem/ruby/2.3.3/bin/rake:22
Migrating to CreateCompanies (20180501130826)
  [1m[35m (0.5ms)[0m  [1m[35mBEGIN[0m
  ↳ /Users/irtaj/.gem/ruby/2.3.3/bin/rake:22
  [1m[35m (35.7ms)[0m  [1m[35mDROP TABLE "companies"[0m
  ↳ /Users/irtaj/.gem/ruby/2.3.3/bin/rake:22
  [1m[36mActiveRecord::SchemaMigration Destroy (11.9ms)[0m  [1m[31mDELETE FROM "schema_migrations" WHERE "schema_migrations"."version" = $1[0m  [["version", "20180501130826"]]
  ↳ /Users/irtaj/.gem/ruby/2.3.3/bin/rake:22
  [1m[35m (6.5ms)[0m  [1m[35mCOMMIT[0m
  ↳ /Users/irtaj/.gem/ruby/2.3.3/bin/rake:22
  [1m[35m (0.3ms)[0m  [1m[34mSELECT pg_advisory_unlock(7058545287110250675)[0m
  ↳ /Users/irtaj/.gem/ruby/2.3.3/bin/rake:22
  [1m[35m (0.5ms)[0m  [1m[34mSELECT "schema_migrations"."version" FROM "schema_migrations" ORDER BY "schema_migrations"."version" ASC[0m
  ↳ /Users/irtaj/.gem/ruby/2.3.3/bin/rake:22
  [1m[35m (0.5ms)[0m  [1m[34mSELECT pg_try_advisory_lock(7058545287110250675)[0m
  ↳ /Users/irtaj/.gem/ruby/2.3.3/bin/rake:22
  [1m[35m (0.8ms)[0m  [1m[34mSELECT "schema_migrations"."version" FROM "schema_migrations" ORDER BY "schema_migrations"."version" ASC[0m
  ↳ /Users/irtaj/.gem/ruby/2.3.3/bin/rake:22
Migrating to CreateCompanies (20180501130826)
  [1m[35m (0.2ms)[0m  [1m[35mBEGIN[0m
  ↳ /Users/irtaj/.gem/ruby/2.3.3/bin/rake:22
  [1m[35m (11.4ms)[0m  [1m[35mCREATE TABLE "companies" ("id" bigserial primary key, "name" character varying NOT NULL, "description" text NOT NULL, "website" character varying NOT NULL, "type" character varying NOT NULL, "street" character varying NOT NULL, "suite" character varying, "city" character varying NOT NULL, "state" character varying NOT NULL, "zip" integer NOT NULL, "mn_phone" character varying, "mn_email" character varying, "verified" boolean DEFAULT FALSE, "resource_needed" character varying, "resource_surplus" character varying, "urgent" boolean DEFAULT FALSE, "remember_created_at" timestamp, "created_at" timestamp NOT NULL, "updated_at" timestamp NOT NULL)[0m
  ↳ db/migrate/20180501130826_create_companies.rb:3
  [1m[36mActiveRecord::SchemaMigration Create (0.5ms)[0m  [1m[32mINSERT INTO "schema_migrations" ("version") VALUES ($1) RETURNING "version"[0m  [["version", "20180501130826"]]
  ↳ /Users/irtaj/.gem/ruby/2.3.3/bin/rake:22
  [1m[35m (2.9ms)[0m  [1m[35mCOMMIT[0m
  ↳ /Users/irtaj/.gem/ruby/2.3.3/bin/rake:22
  [1m[36mActiveRecord::InternalMetadata Load (2.3ms)[0m  [1m[34mSELECT  "ar_internal_metadata".* FROM "ar_internal_metadata" WHERE "ar_internal_metadata"."key" = $1 LIMIT $2[0m  [["key", "environment"], ["LIMIT", 1]]
  ↳ /Users/irtaj/.gem/ruby/2.3.3/bin/rake:22
  [1m[35m (0.3ms)[0m  [1m[35mBEGIN[0m
  ↳ /Users/irtaj/.gem/ruby/2.3.3/bin/rake:22
  [1m[35m (0.2ms)[0m  [1m[35mCOMMIT[0m
  ↳ /Users/irtaj/.gem/ruby/2.3.3/bin/rake:22
  [1m[35m (0.3ms)[0m  [1m[34mSELECT pg_advisory_unlock(7058545287110250675)[0m
  ↳ /Users/irtaj/.gem/ruby/2.3.3/bin/rake:22
  [1m[35m (0.3ms)[0m  [1m[34mSELECT "schema_migrations"."version" FROM "schema_migrations" ORDER BY "schema_migrations"."version" ASC[0m
  ↳ /Users/irtaj/.gem/ruby/2.3.3/bin/rake:22
  [1m[35m (0.3ms)[0m  [1m[34mSELECT pg_try_advisory_lock(7058545287110250675)[0m
  ↳ /Users/irtaj/.gem/ruby/2.3.3/bin/rake:22
  [1m[35m (0.9ms)[0m  [1m[34mSELECT "schema_migrations"."version" FROM "schema_migrations" ORDER BY "schema_migrations"."version" ASC[0m
  ↳ /Users/irtaj/.gem/ruby/2.3.3/bin/rake:22
Migrating to AddColumnCompanyidToUsers (20180501132029)
  [1m[35m (0.5ms)[0m  [1m[35mBEGIN[0m
  ↳ /Users/irtaj/.gem/ruby/2.3.3/bin/rake:22
  [1m[35m (33.6ms)[0m  [1m[35mALTER TABLE "users" ADD "company_id" character varying NOT NULL[0m
  ↳ db/migrate/20180501132029_add_column_companyid_to_users.rb:3
  [1m[36mActiveRecord::SchemaMigration Create (0.5ms)[0m  [1m[32mINSERT INTO "schema_migrations" ("version") VALUES ($1) RETURNING "version"[0m  [["version", "20180501132029"]]
  ↳ /Users/irtaj/.gem/ruby/2.3.3/bin/rake:22
  [1m[35m (2.2ms)[0m  [1m[35mCOMMIT[0m
  ↳ /Users/irtaj/.gem/ruby/2.3.3/bin/rake:22
  [1m[36mActiveRecord::InternalMetadata Load (0.4ms)[0m  [1m[34mSELECT  "ar_internal_metadata".* FROM "ar_internal_metadata" WHERE "ar_internal_metadata"."key" = $1 LIMIT $2[0m  [["key", "environment"], ["LIMIT", 1]]
  ↳ /Users/irtaj/.gem/ruby/2.3.3/bin/rake:22
  [1m[35m (1.1ms)[0m  [1m[35mBEGIN[0m
  ↳ /Users/irtaj/.gem/ruby/2.3.3/bin/rake:22
  [1m[35m (0.2ms)[0m  [1m[35mCOMMIT[0m
  ↳ /Users/irtaj/.gem/ruby/2.3.3/bin/rake:22
  [1m[35m (0.3ms)[0m  [1m[34mSELECT pg_advisory_unlock(7058545287110250675)[0m
  ↳ /Users/irtaj/.gem/ruby/2.3.3/bin/rake:22
  [1m[35m (0.3ms)[0m  [1m[34mSELECT "schema_migrations"."version" FROM "schema_migrations" ORDER BY "schema_migrations"."version" ASC[0m
  ↳ /Users/irtaj/.gem/ruby/2.3.3/bin/rake:22
  [1m[35m (1.7ms)[0m  [1m[34mSELECT "schema_migrations"."version" FROM "schema_migrations" ORDER BY "schema_migrations"."version" ASC[0m
  ↳ /Users/irtaj/.gem/ruby/2.3.3/bin/rake:22
  [1m[35m (0.3ms)[0m  [1m[34mSELECT "schema_migrations"."version" FROM "schema_migrations" ORDER BY "schema_migrations"."version" ASC[0m
  ↳ /Users/irtaj/.gem/ruby/2.3.3/bin/rake:22
  [1m[35m (0.3ms)[0m  [1m[34mSELECT "schema_migrations"."version" FROM "schema_migrations" ORDER BY "schema_migrations"."version" ASC[0m
  ↳ /Users/irtaj/.gem/ruby/2.3.3/bin/rake:22
  [1m[35m (0.2ms)[0m  [1m[34mSELECT pg_try_advisory_lock(7058545287110250675)[0m
  ↳ /Users/irtaj/.gem/ruby/2.3.3/bin/rake:22
  [1m[35m (0.3ms)[0m  [1m[34mSELECT "schema_migrations"."version" FROM "schema_migrations" ORDER BY "schema_migrations"."version" ASC[0m
  ↳ /Users/irtaj/.gem/ruby/2.3.3/bin/rake:22
Migrating to AddColumnCompanyidToUsers (20180501132029)
  [1m[35m (0.2ms)[0m  [1m[35mBEGIN[0m
  ↳ /Users/irtaj/.gem/ruby/2.3.3/bin/rake:22
  [1m[35m (29.3ms)[0m  [1m[35mALTER TABLE "users" DROP COLUMN "company_id"[0m
  ↳ /Users/irtaj/.gem/ruby/2.3.3/bin/rake:22
  [1m[36mActiveRecord::SchemaMigration Destroy (1.1ms)[0m  [1m[31mDELETE FROM "schema_migrations" WHERE "schema_migrations"."version" = $1[0m  [["version", "20180501132029"]]
  ↳ /Users/irtaj/.gem/ruby/2.3.3/bin/rake:22
  [1m[35m (4.8ms)[0m  [1m[35mCOMMIT[0m
  ↳ /Users/irtaj/.gem/ruby/2.3.3/bin/rake:22
  [1m[35m (0.5ms)[0m  [1m[34mSELECT pg_advisory_unlock(7058545287110250675)[0m
  ↳ /Users/irtaj/.gem/ruby/2.3.3/bin/rake:22
  [1m[35m (0.4ms)[0m  [1m[34mSELECT "schema_migrations"."version" FROM "schema_migrations" ORDER BY "schema_migrations"."version" ASC[0m
  ↳ /Users/irtaj/.gem/ruby/2.3.3/bin/rake:22
  [1m[35m (0.3ms)[0m  [1m[34mSELECT pg_try_advisory_lock(7058545287110250675)[0m
  ↳ /Users/irtaj/.gem/ruby/2.3.3/bin/rake:22
  [1m[35m (0.9ms)[0m  [1m[34mSELECT "schema_migrations"."version" FROM "schema_migrations" ORDER BY "schema_migrations"."version" ASC[0m
  ↳ /Users/irtaj/.gem/ruby/2.3.3/bin/rake:22
Migrating to AddColumnCompanyidToUsers (20180501132029)
  [1m[35m (0.3ms)[0m  [1m[35mBEGIN[0m
  ↳ /Users/irtaj/.gem/ruby/2.3.3/bin/rake:22
  [1m[35m (0.9ms)[0m  [1m[35mALTER TABLE "users" ADD "company_id" character varying NOT NULL[0m
  ↳ db/migrate/20180501132029_add_column_companyid_to_users.rb:3
  [1m[36mActiveRecord::SchemaMigration Create (0.5ms)[0m  [1m[32mINSERT INTO "schema_migrations" ("version") VALUES ($1) RETURNING "version"[0m  [["version", "20180501132029"]]
  ↳ /Users/irtaj/.gem/ruby/2.3.3/bin/rake:22
  [1m[35m (2.3ms)[0m  [1m[35mCOMMIT[0m
  ↳ /Users/irtaj/.gem/ruby/2.3.3/bin/rake:22
  [1m[36mActiveRecord::InternalMetadata Load (0.5ms)[0m  [1m[34mSELECT  "ar_internal_metadata".* FROM "ar_internal_metadata" WHERE "ar_internal_metadata"."key" = $1 LIMIT $2[0m  [["key", "environment"], ["LIMIT", 1]]
  ↳ /Users/irtaj/.gem/ruby/2.3.3/bin/rake:22
  [1m[35m (0.3ms)[0m  [1m[35mBEGIN[0m
  ↳ /Users/irtaj/.gem/ruby/2.3.3/bin/rake:22
  [1m[35m (0.2ms)[0m  [1m[35mCOMMIT[0m
  ↳ /Users/irtaj/.gem/ruby/2.3.3/bin/rake:22
  [1m[35m (0.3ms)[0m  [1m[34mSELECT pg_advisory_unlock(7058545287110250675)[0m
  ↳ /Users/irtaj/.gem/ruby/2.3.3/bin/rake:22
  [1m[35m (0.5ms)[0m  [1m[34mSELECT "schema_migrations"."version" FROM "schema_migrations" ORDER BY "schema_migrations"."version" ASC[0m
  ↳ /Users/irtaj/.gem/ruby/2.3.3/bin/rake:22
  [1m[35m (0.4ms)[0m  [1m[34mSELECT pg_try_advisory_lock(7058545287110250675)[0m
  ↳ /Users/irtaj/.gem/ruby/2.3.3/bin/rake:22
  [1m[35m (0.9ms)[0m  [1m[34mSELECT "schema_migrations"."version" FROM "schema_migrations" ORDER BY "schema_migrations"."version" ASC[0m
  ↳ /Users/irtaj/.gem/ruby/2.3.3/bin/rake:22
Migrating to AddColumnsUserinfodToUsers (20180501132414)
  [1m[35m (0.5ms)[0m  [1m[35mBEGIN[0m
  ↳ /Users/irtaj/.gem/ruby/2.3.3/bin/rake:22
  [1m[35m (1.4ms)[0m  [1m[35mALTER TABLE "users" ADD "first_name" character varying NOT NULL[0m
  ↳ db/migrate/20180501132414_add_columns_userinfod_to_users.rb:3
  [1m[35m (0.6ms)[0m  [1m[35mALTER TABLE "users" ADD "last_name" character varying NOT NULL[0m
  ↳ db/migrate/20180501132414_add_columns_userinfod_to_users.rb:4
  [1m[35m (0.9ms)[0m  [1m[35mALTER TABLE "users" ADD "title" character varying NOT NULL[0m
  ↳ db/migrate/20180501132414_add_columns_userinfod_to_users.rb:5
  [1m[35m (46.1ms)[0m  [1m[35mALTER TABLE "users" ADD "admin" boolean DEFAULT FALSE[0m
  ↳ db/migrate/20180501132414_add_columns_userinfod_to_users.rb:7
  [1m[35m (0.5ms)[0m  [1m[35mALTER TABLE "users" ADD "username" character varying NOT NULL[0m
  ↳ db/migrate/20180501132414_add_columns_userinfod_to_users.rb:8
  [1m[35m (3.4ms)[0m  [1m[35mCREATE UNIQUE INDEX  "index_users_on_username" ON "users"  ("username")[0m
  ↳ db/migrate/20180501132414_add_columns_userinfod_to_users.rb:9
  [1m[36mActiveRecord::SchemaMigration Create (0.6ms)[0m  [1m[32mINSERT INTO "schema_migrations" ("version") VALUES ($1) RETURNING "version"[0m  [["version", "20180501132414"]]
  ↳ /Users/irtaj/.gem/ruby/2.3.3/bin/rake:22
  [1m[35m (4.1ms)[0m  [1m[35mCOMMIT[0m
  ↳ /Users/irtaj/.gem/ruby/2.3.3/bin/rake:22
  [1m[36mActiveRecord::InternalMetadata Load (0.5ms)[0m  [1m[34mSELECT  "ar_internal_metadata".* FROM "ar_internal_metadata" WHERE "ar_internal_metadata"."key" = $1 LIMIT $2[0m  [["key", "environment"], ["LIMIT", 1]]
  ↳ /Users/irtaj/.gem/ruby/2.3.3/bin/rake:22
  [1m[35m (0.3ms)[0m  [1m[35mBEGIN[0m
  ↳ /Users/irtaj/.gem/ruby/2.3.3/bin/rake:22
  [1m[35m (0.2ms)[0m  [1m[35mCOMMIT[0m
  ↳ /Users/irtaj/.gem/ruby/2.3.3/bin/rake:22
  [1m[35m (0.5ms)[0m  [1m[34mSELECT pg_advisory_unlock(7058545287110250675)[0m
  ↳ /Users/irtaj/.gem/ruby/2.3.3/bin/rake:22
  [1m[35m (0.4ms)[0m  [1m[34mSELECT "schema_migrations"."version" FROM "schema_migrations" ORDER BY "schema_migrations"."version" ASC[0m
  ↳ /Users/irtaj/.gem/ruby/2.3.3/bin/rake:22
  [1m[35m (0.9ms)[0m  [1m[34mSELECT "schema_migrations"."version" FROM "schema_migrations" ORDER BY "schema_migrations"."version" ASC[0m
  ↳ /Users/irtaj/.gem/ruby/2.3.3/bin/rake:22
  [1m[35m (0.4ms)[0m  [1m[34mSELECT "schema_migrations"."version" FROM "schema_migrations" ORDER BY "schema_migrations"."version" ASC[0m
  ↳ /Users/irtaj/.gem/ruby/2.3.3/bin/rake:22
  [1m[35m (0.3ms)[0m  [1m[34mSELECT "schema_migrations"."version" FROM "schema_migrations" ORDER BY "schema_migrations"."version" ASC[0m
  ↳ /Users/irtaj/.gem/ruby/2.3.3/bin/rake:22
  [1m[35m (0.3ms)[0m  [1m[34mSELECT pg_try_advisory_lock(7058545287110250675)[0m
  ↳ /Users/irtaj/.gem/ruby/2.3.3/bin/rake:22
  [1m[35m (0.3ms)[0m  [1m[34mSELECT "schema_migrations"."version" FROM "schema_migrations" ORDER BY "schema_migrations"."version" ASC[0m
  ↳ /Users/irtaj/.gem/ruby/2.3.3/bin/rake:22
Migrating to AddColumnsUserinfodToUsers (20180501132414)
  [1m[35m (0.3ms)[0m  [1m[35mBEGIN[0m
  ↳ /Users/irtaj/.gem/ruby/2.3.3/bin/rake:22
  [1m[35m (0.8ms)[0m  [1m[35mDROP INDEX  "index_users_on_username"[0m
  ↳ /Users/irtaj/.gem/ruby/2.3.3/bin/rake:22
  [1m[35m (0.7ms)[0m  [1m[35mALTER TABLE "users" DROP COLUMN "username"[0m
  ↳ /Users/irtaj/.gem/ruby/2.3.3/bin/rake:22
  [1m[35m (0.6ms)[0m  [1m[35mALTER TABLE "users" DROP COLUMN "admin"[0m
  ↳ /Users/irtaj/.gem/ruby/2.3.3/bin/rake:22
  [1m[35m (0.4ms)[0m  [1m[35mALTER TABLE "users" DROP COLUMN "title"[0m
  ↳ /Users/irtaj/.gem/ruby/2.3.3/bin/rake:22
  [1m[35m (0.4ms)[0m  [1m[35mALTER TABLE "users" DROP COLUMN "last_name"[0m
  ↳ /Users/irtaj/.gem/ruby/2.3.3/bin/rake:22
  [1m[35m (0.4ms)[0m  [1m[35mALTER TABLE "users" DROP COLUMN "first_name"[0m
  ↳ /Users/irtaj/.gem/ruby/2.3.3/bin/rake:22
  [1m[36mActiveRecord::SchemaMigration Destroy (0.7ms)[0m  [1m[31mDELETE FROM "schema_migrations" WHERE "schema_migrations"."version" = $1[0m  [["version", "20180501132414"]]
  ↳ /Users/irtaj/.gem/ruby/2.3.3/bin/rake:22
  [1m[35m (6.6ms)[0m  [1m[35mCOMMIT[0m
  ↳ /Users/irtaj/.gem/ruby/2.3.3/bin/rake:22
  [1m[35m (0.4ms)[0m  [1m[34mSELECT pg_advisory_unlock(7058545287110250675)[0m
  ↳ /Users/irtaj/.gem/ruby/2.3.3/bin/rake:22
  [1m[35m (0.4ms)[0m  [1m[34mSELECT "schema_migrations"."version" FROM "schema_migrations" ORDER BY "schema_migrations"."version" ASC[0m
  ↳ /Users/irtaj/.gem/ruby/2.3.3/bin/rake:22
  [1m[35m (0.3ms)[0m  [1m[34mSELECT pg_try_advisory_lock(7058545287110250675)[0m
  ↳ /Users/irtaj/.gem/ruby/2.3.3/bin/rake:22
  [1m[35m (0.9ms)[0m  [1m[34mSELECT "schema_migrations"."version" FROM "schema_migrations" ORDER BY "schema_migrations"."version" ASC[0m
  ↳ /Users/irtaj/.gem/ruby/2.3.3/bin/rake:22
Migrating to AddColumnsUserinfodToUsers (20180501132414)
  [1m[35m (0.3ms)[0m  [1m[35mBEGIN[0m
  ↳ /Users/irtaj/.gem/ruby/2.3.3/bin/rake:22
  [1m[35m (0.9ms)[0m  [1m[35mALTER TABLE "users" ADD "first_name" character varying NOT NULL[0m
  ↳ db/migrate/20180501132414_add_columns_userinfod_to_users.rb:3
  [1m[35m (0.4ms)[0m  [1m[35mALTER TABLE "users" ADD "last_name" character varying NOT NULL[0m
  ↳ db/migrate/20180501132414_add_columns_userinfod_to_users.rb:4
  [1m[35m (0.5ms)[0m  [1m[35mALTER TABLE "users" ADD "title" character varying NOT NULL[0m
  ↳ db/migrate/20180501132414_add_columns_userinfod_to_users.rb:5
  [1m[35m (26.4ms)[0m  [1m[35mALTER TABLE "users" ADD "admin" boolean DEFAULT FALSE[0m
  ↳ db/migrate/20180501132414_add_columns_userinfod_to_users.rb:7
  [1m[35m (0.6ms)[0m  [1m[35mALTER TABLE "users" ADD "username" character varying NOT NULL[0m
  ↳ db/migrate/20180501132414_add_columns_userinfod_to_users.rb:8
  [1m[35m (3.2ms)[0m  [1m[35mCREATE UNIQUE INDEX  "index_users_on_username" ON "users"  ("username")[0m
  ↳ db/migrate/20180501132414_add_columns_userinfod_to_users.rb:9
  [1m[36mActiveRecord::SchemaMigration Create (0.5ms)[0m  [1m[32mINSERT INTO "schema_migrations" ("version") VALUES ($1) RETURNING "version"[0m  [["version", "20180501132414"]]
  ↳ /Users/irtaj/.gem/ruby/2.3.3/bin/rake:22
  [1m[35m (4.3ms)[0m  [1m[35mCOMMIT[0m
  ↳ /Users/irtaj/.gem/ruby/2.3.3/bin/rake:22
  [1m[36mActiveRecord::InternalMetadata Load (0.5ms)[0m  [1m[34mSELECT  "ar_internal_metadata".* FROM "ar_internal_metadata" WHERE "ar_internal_metadata"."key" = $1 LIMIT $2[0m  [["key", "environment"], ["LIMIT", 1]]
  ↳ /Users/irtaj/.gem/ruby/2.3.3/bin/rake:22
  [1m[35m (0.3ms)[0m  [1m[35mBEGIN[0m
  ↳ /Users/irtaj/.gem/ruby/2.3.3/bin/rake:22
  [1m[35m (0.2ms)[0m  [1m[35mCOMMIT[0m
  ↳ /Users/irtaj/.gem/ruby/2.3.3/bin/rake:22
  [1m[35m (0.4ms)[0m  [1m[34mSELECT pg_advisory_unlock(7058545287110250675)[0m
  ↳ /Users/irtaj/.gem/ruby/2.3.3/bin/rake:22
  [1m[35m (1.1ms)[0m  [1m[34mSELECT "schema_migrations"."version" FROM "schema_migrations" ORDER BY "schema_migrations"."version" ASC[0m
  ↳ /Users/irtaj/.gem/ruby/2.3.3/bin/rake:22
  [1m[35m (11.3ms)[0m  [1m[34mSELECT "schema_migrations"."version" FROM "schema_migrations" ORDER BY "schema_migrations"."version" ASC[0m
  ↳ /Users/irtaj/.gem/ruby/2.3.3/bin/rake:22
  [1m[35m (0.4ms)[0m  [1m[34mSELECT "schema_migrations"."version" FROM "schema_migrations" ORDER BY "schema_migrations"."version" ASC[0m
  ↳ /Users/irtaj/.gem/ruby/2.3.3/bin/rake:22
  [1m[35m (0.3ms)[0m  [1m[34mSELECT "schema_migrations"."version" FROM "schema_migrations" ORDER BY "schema_migrations"."version" ASC[0m
  ↳ /Users/irtaj/.gem/ruby/2.3.3/bin/rake:22
  [1m[35m (0.3ms)[0m  [1m[34mSELECT pg_try_advisory_lock(7058545287110250675)[0m
  ↳ /Users/irtaj/.gem/ruby/2.3.3/bin/rake:22
  [1m[35m (0.4ms)[0m  [1m[34mSELECT "schema_migrations"."version" FROM "schema_migrations" ORDER BY "schema_migrations"."version" ASC[0m
  ↳ /Users/irtaj/.gem/ruby/2.3.3/bin/rake:22
Migrating to AddColumnsUserinfodToUsers (20180501132414)
  [1m[35m (0.3ms)[0m  [1m[35mBEGIN[0m
  ↳ /Users/irtaj/.gem/ruby/2.3.3/bin/rake:22
  [1m[35m (1.0ms)[0m  [1m[35mDROP INDEX  "index_users_on_username"[0m
  ↳ /Users/irtaj/.gem/ruby/2.3.3/bin/rake:22
  [1m[35m (0.6ms)[0m  [1m[35mALTER TABLE "users" DROP COLUMN "username"[0m
  ↳ /Users/irtaj/.gem/ruby/2.3.3/bin/rake:22
  [1m[35m (0.6ms)[0m  [1m[35mALTER TABLE "users" DROP COLUMN "admin"[0m
  ↳ /Users/irtaj/.gem/ruby/2.3.3/bin/rake:22
  [1m[35m (0.4ms)[0m  [1m[35mALTER TABLE "users" DROP COLUMN "title"[0m
  ↳ /Users/irtaj/.gem/ruby/2.3.3/bin/rake:22
  [1m[35m (0.5ms)[0m  [1m[35mALTER TABLE "users" DROP COLUMN "last_name"[0m
  ↳ /Users/irtaj/.gem/ruby/2.3.3/bin/rake:22
  [1m[35m (0.5ms)[0m  [1m[35mALTER TABLE "users" DROP COLUMN "first_name"[0m
  ↳ /Users/irtaj/.gem/ruby/2.3.3/bin/rake:22
  [1m[36mActiveRecord::SchemaMigration Destroy (1.2ms)[0m  [1m[31mDELETE FROM "schema_migrations" WHERE "schema_migrations"."version" = $1[0m  [["version", "20180501132414"]]
  ↳ /Users/irtaj/.gem/ruby/2.3.3/bin/rake:22
  [1m[35m (20.6ms)[0m  [1m[35mCOMMIT[0m
  ↳ /Users/irtaj/.gem/ruby/2.3.3/bin/rake:22
  [1m[35m (0.5ms)[0m  [1m[34mSELECT pg_advisory_unlock(7058545287110250675)[0m
  ↳ /Users/irtaj/.gem/ruby/2.3.3/bin/rake:22
  [1m[35m (0.4ms)[0m  [1m[34mSELECT "schema_migrations"."version" FROM "schema_migrations" ORDER BY "schema_migrations"."version" ASC[0m
  ↳ /Users/irtaj/.gem/ruby/2.3.3/bin/rake:22
  [1m[35m (0.5ms)[0m  [1m[34mSELECT pg_try_advisory_lock(7058545287110250675)[0m
  ↳ /Users/irtaj/.gem/ruby/2.3.3/bin/rake:22
  [1m[35m (10.1ms)[0m  [1m[34mSELECT "schema_migrations"."version" FROM "schema_migrations" ORDER BY "schema_migrations"."version" ASC[0m
  ↳ /Users/irtaj/.gem/ruby/2.3.3/bin/rake:22
Migrating to AddColumnsUserInfoToUsers (20180501132414)
  [1m[35m (0.5ms)[0m  [1m[35mBEGIN[0m
  ↳ /Users/irtaj/.gem/ruby/2.3.3/bin/rake:22
  [1m[35m (13.6ms)[0m  [1m[35mALTER TABLE "users" ADD "first_name" character varying NOT NULL[0m
  ↳ db/migrate/20180501132414_add_columns_user_info_to_users.rb:3
  [1m[35m (0.9ms)[0m  [1m[35mALTER TABLE "users" ADD "last_name" character varying NOT NULL[0m
  ↳ db/migrate/20180501132414_add_columns_user_info_to_users.rb:4
  [1m[35m (1.4ms)[0m  [1m[35mALTER TABLE "users" ADD "title" character varying NOT NULL[0m
  ↳ db/migrate/20180501132414_add_columns_user_info_to_users.rb:5
  [1m[35m (26.9ms)[0m  [1m[35mALTER TABLE "users" ADD "admin" boolean DEFAULT FALSE[0m
  ↳ db/migrate/20180501132414_add_columns_user_info_to_users.rb:7
  [1m[35m (0.7ms)[0m  [1m[35mALTER TABLE "users" ADD "username" character varying NOT NULL[0m
  ↳ db/migrate/20180501132414_add_columns_user_info_to_users.rb:8
  [1m[35m (3.0ms)[0m  [1m[35mCREATE UNIQUE INDEX  "index_users_on_username" ON "users"  ("username")[0m
  ↳ db/migrate/20180501132414_add_columns_user_info_to_users.rb:9
  [1m[36mActiveRecord::SchemaMigration Create (0.6ms)[0m  [1m[32mINSERT INTO "schema_migrations" ("version") VALUES ($1) RETURNING "version"[0m  [["version", "20180501132414"]]
  ↳ /Users/irtaj/.gem/ruby/2.3.3/bin/rake:22
  [1m[35m (11.6ms)[0m  [1m[35mCOMMIT[0m
  ↳ /Users/irtaj/.gem/ruby/2.3.3/bin/rake:22
Migrating to RemoveResourcesFromCompanies (20180501232202)
  [1m[35m (0.3ms)[0m  [1m[35mBEGIN[0m
  ↳ /Users/irtaj/.gem/ruby/2.3.3/bin/rake:22
  [1m[35m (7.3ms)[0m  [1m[35mALTER TABLE "books" DROP COLUMN "favorite"[0m
  ↳ db/migrate/20180501232202_remove_resources_from_companies.rb:3
  [1m[35m (0.3ms)[0m  [1m[31mROLLBACK[0m
  ↳ /Users/irtaj/.gem/ruby/2.3.3/bin/rake:22
  [1m[35m (0.5ms)[0m  [1m[34mSELECT pg_advisory_unlock(7058545287110250675)[0m
  ↳ /Users/irtaj/.gem/ruby/2.3.3/bin/rake:22
  [1m[35m (0.4ms)[0m  [1m[34mSELECT pg_try_advisory_lock(7058545287110250675)[0m
  ↳ /Users/irtaj/.gem/ruby/2.3.3/bin/rake:22
  [1m[35m (1.9ms)[0m  [1m[34mSELECT "schema_migrations"."version" FROM "schema_migrations" ORDER BY "schema_migrations"."version" ASC[0m
  ↳ /Users/irtaj/.gem/ruby/2.3.3/bin/rake:22
Migrating to RemoveResourcesFromCompanies (20180501232202)
  [1m[35m (0.5ms)[0m  [1m[35mBEGIN[0m
  ↳ /Users/irtaj/.gem/ruby/2.3.3/bin/rake:22
  [1m[35m (8.2ms)[0m  [1m[35mALTER TABLE "companies" DROP COLUMN "resource_needed"[0m
  ↳ db/migrate/20180501232202_remove_resources_from_companies.rb:3
  [1m[35m (0.9ms)[0m  [1m[35mALTER TABLE "companies" DROP COLUMN "resource_surplus"[0m
  ↳ db/migrate/20180501232202_remove_resources_from_companies.rb:4
  [1m[35m (1.2ms)[0m  [1m[35mALTER TABLE "companies" DROP COLUMN "urgent"[0m
  ↳ db/migrate/20180501232202_remove_resources_from_companies.rb:5
  [1m[36mActiveRecord::SchemaMigration Create (0.9ms)[0m  [1m[32mINSERT INTO "schema_migrations" ("version") VALUES ($1) RETURNING "version"[0m  [["version", "20180501232202"]]
  ↳ /Users/irtaj/.gem/ruby/2.3.3/bin/rake:22
  [1m[35m (6.2ms)[0m  [1m[35mCOMMIT[0m
  ↳ /Users/irtaj/.gem/ruby/2.3.3/bin/rake:22
  [1m[36mActiveRecord::InternalMetadata Load (0.5ms)[0m  [1m[34mSELECT  "ar_internal_metadata".* FROM "ar_internal_metadata" WHERE "ar_internal_metadata"."key" = $1 LIMIT $2[0m  [["key", "environment"], ["LIMIT", 1]]
  ↳ /Users/irtaj/.gem/ruby/2.3.3/bin/rake:22
  [1m[35m (0.4ms)[0m  [1m[35mBEGIN[0m
  ↳ /Users/irtaj/.gem/ruby/2.3.3/bin/rake:22
  [1m[35m (0.2ms)[0m  [1m[35mCOMMIT[0m
  ↳ /Users/irtaj/.gem/ruby/2.3.3/bin/rake:22
  [1m[35m (0.4ms)[0m  [1m[34mSELECT pg_advisory_unlock(7058545287110250675)[0m
  ↳ /Users/irtaj/.gem/ruby/2.3.3/bin/rake:22
  [1m[35m (0.4ms)[0m  [1m[34mSELECT "schema_migrations"."version" FROM "schema_migrations" ORDER BY "schema_migrations"."version" ASC[0m
  ↳ /Users/irtaj/.gem/ruby/2.3.3/bin/rake:22
  [1m[35m (0.9ms)[0m  [1m[34mSELECT "schema_migrations"."version" FROM "schema_migrations" ORDER BY "schema_migrations"."version" ASC[0m
  ↳ /Users/irtaj/.gem/ruby/2.3.3/bin/rake:22
  [1m[35m (0.4ms)[0m  [1m[34mSELECT "schema_migrations"."version" FROM "schema_migrations" ORDER BY "schema_migrations"."version" ASC[0m
  ↳ /Users/irtaj/.gem/ruby/2.3.3/bin/rake:22
  [1m[35m (0.3ms)[0m  [1m[34mSELECT "schema_migrations"."version" FROM "schema_migrations" ORDER BY "schema_migrations"."version" ASC[0m
  ↳ /Users/irtaj/.gem/ruby/2.3.3/bin/rake:22
  [1m[35m (0.3ms)[0m  [1m[34mSELECT pg_try_advisory_lock(7058545287110250675)[0m
  ↳ /Users/irtaj/.gem/ruby/2.3.3/bin/rake:22
  [1m[35m (0.3ms)[0m  [1m[34mSELECT "schema_migrations"."version" FROM "schema_migrations" ORDER BY "schema_migrations"."version" ASC[0m
  ↳ /Users/irtaj/.gem/ruby/2.3.3/bin/rake:22
Migrating to RemoveResourcesFromCompanies (20180501232202)
  [1m[35m (0.2ms)[0m  [1m[35mBEGIN[0m
  ↳ /Users/irtaj/.gem/ruby/2.3.3/bin/rake:22
  [1m[35m (0.9ms)[0m  [1m[35mALTER TABLE "companies" ADD "resource_needed" character varying[0m
  ↳ db/migrate/20180501232202_remove_resources_from_companies.rb:9
  [1m[35m (0.4ms)[0m  [1m[35mALTER TABLE "companies" ADD "resource_surplus" character varying[0m
  ↳ db/migrate/20180501232202_remove_resources_from_companies.rb:10
  [1m[35m (7.7ms)[0m  [1m[35mALTER TABLE "companies" ADD "urgent" boolean DEFAULT FALSE[0m
  ↳ db/migrate/20180501232202_remove_resources_from_companies.rb:11
  [1m[36mActiveRecord::SchemaMigration Destroy (0.7ms)[0m  [1m[31mDELETE FROM "schema_migrations" WHERE "schema_migrations"."version" = $1[0m  [["version", "20180501232202"]]
  ↳ /Users/irtaj/.gem/ruby/2.3.3/bin/rake:22
  [1m[35m (3.2ms)[0m  [1m[35mCOMMIT[0m
  ↳ /Users/irtaj/.gem/ruby/2.3.3/bin/rake:22
  [1m[35m (0.4ms)[0m  [1m[34mSELECT pg_advisory_unlock(7058545287110250675)[0m
  ↳ /Users/irtaj/.gem/ruby/2.3.3/bin/rake:22
  [1m[35m (0.4ms)[0m  [1m[34mSELECT "schema_migrations"."version" FROM "schema_migrations" ORDER BY "schema_migrations"."version" ASC[0m
  ↳ /Users/irtaj/.gem/ruby/2.3.3/bin/rake:22
  [1m[35m (0.3ms)[0m  [1m[34mSELECT pg_try_advisory_lock(7058545287110250675)[0m
  ↳ /Users/irtaj/.gem/ruby/2.3.3/bin/rake:22
  [1m[35m (1.0ms)[0m  [1m[34mSELECT "schema_migrations"."version" FROM "schema_migrations" ORDER BY "schema_migrations"."version" ASC[0m
  ↳ /Users/irtaj/.gem/ruby/2.3.3/bin/rake:22
Migrating to RemoveResourcesFromCompanies (20180501232202)
  [1m[35m (0.2ms)[0m  [1m[35mBEGIN[0m
  ↳ /Users/irtaj/.gem/ruby/2.3.3/bin/rake:22
  [1m[35m (1.0ms)[0m  [1m[35mALTER TABLE "companies" DROP COLUMN "resource_needed"[0m
  ↳ db/migrate/20180501232202_remove_resources_from_companies.rb:3
  [1m[35m (0.5ms)[0m  [1m[35mALTER TABLE "companies" DROP COLUMN "resource_surplus"[0m
  ↳ db/migrate/20180501232202_remove_resources_from_companies.rb:4
  [1m[35m (0.8ms)[0m  [1m[35mALTER TABLE "companies" DROP COLUMN "urgent"[0m
  ↳ db/migrate/20180501232202_remove_resources_from_companies.rb:5
  [1m[36mActiveRecord::SchemaMigration Create (0.5ms)[0m  [1m[32mINSERT INTO "schema_migrations" ("version") VALUES ($1) RETURNING "version"[0m  [["version", "20180501232202"]]
  ↳ /Users/irtaj/.gem/ruby/2.3.3/bin/rake:22
  [1m[35m (2.3ms)[0m  [1m[35mCOMMIT[0m
  ↳ /Users/irtaj/.gem/ruby/2.3.3/bin/rake:22
  [1m[36mActiveRecord::InternalMetadata Load (0.5ms)[0m  [1m[34mSELECT  "ar_internal_metadata".* FROM "ar_internal_metadata" WHERE "ar_internal_metadata"."key" = $1 LIMIT $2[0m  [["key", "environment"], ["LIMIT", 1]]
  ↳ /Users/irtaj/.gem/ruby/2.3.3/bin/rake:22
  [1m[35m (0.2ms)[0m  [1m[35mBEGIN[0m
  ↳ /Users/irtaj/.gem/ruby/2.3.3/bin/rake:22
  [1m[35m (0.3ms)[0m  [1m[35mCOMMIT[0m
  ↳ /Users/irtaj/.gem/ruby/2.3.3/bin/rake:22
  [1m[35m (0.5ms)[0m  [1m[34mSELECT pg_advisory_unlock(7058545287110250675)[0m
  ↳ /Users/irtaj/.gem/ruby/2.3.3/bin/rake:22
  [1m[35m (0.4ms)[0m  [1m[34mSELECT "schema_migrations"."version" FROM "schema_migrations" ORDER BY "schema_migrations"."version" ASC[0m
  ↳ /Users/irtaj/.gem/ruby/2.3.3/bin/rake:22
  [1m[35m (0.4ms)[0m  [1m[34mSELECT pg_try_advisory_lock(7058545287110250675)[0m
  ↳ /Users/irtaj/.gem/ruby/2.3.3/bin/rake:22
  [1m[35m (9.1ms)[0m  [1m[34mSELECT "schema_migrations"."version" FROM "schema_migrations" ORDER BY "schema_migrations"."version" ASC[0m
  ↳ /Users/irtaj/.gem/ruby/2.3.3/bin/rake:22
Migrating to CreateResources (20180501234559)
  [1m[35m (0.5ms)[0m  [1m[34mSELECT pg_advisory_unlock(7058545287110250675)[0m
  ↳ /Users/irtaj/.gem/ruby/2.3.3/bin/rake:22
  [1m[35m (0.5ms)[0m  [1m[34mSELECT pg_try_advisory_lock(7058545287110250675)[0m
  ↳ /Users/irtaj/.gem/ruby/2.3.3/bin/rake:22
  [1m[35m (1.6ms)[0m  [1m[34mSELECT "schema_migrations"."version" FROM "schema_migrations" ORDER BY "schema_migrations"."version" ASC[0m
  ↳ /Users/irtaj/.gem/ruby/2.3.3/bin/rake:22
Migrating to CreateResources (20180501234559)
  [1m[35m (0.5ms)[0m  [1m[35mBEGIN[0m
  ↳ /Users/irtaj/.gem/ruby/2.3.3/bin/rake:22
  [1m[35m (36.1ms)[0m  [1m[35mCREATE TABLE "resources" ("id" bigserial primary key, "name" character varying NOT NULL, "type" character varying NOT NULL, "needed" boolean, "expire_date" timestamp NOT NULL, "urgent" boolean DEFAULT FALSE, "user_id" bigint, "company_id" bigint, "created_at" timestamp NOT NULL, "updated_at" timestamp NOT NULL)[0m
  ↳ db/migrate/20180501234559_create_resources.rb:3
  [1m[35m (3.2ms)[0m  [1m[35mCREATE  INDEX  "index_resources_on_user_id" ON "resources"  ("user_id")[0m
  ↳ db/migrate/20180501234559_create_resources.rb:3
  [1m[35m (2.8ms)[0m  [1m[35mCREATE  INDEX  "index_resources_on_company_id" ON "resources"  ("company_id")[0m
  ↳ db/migrate/20180501234559_create_resources.rb:3
  [1m[36mActiveRecord::SchemaMigration Create (2.6ms)[0m  [1m[32mINSERT INTO "schema_migrations" ("version") VALUES ($1) RETURNING "version"[0m  [["version", "20180501234559"]]
  ↳ /Users/irtaj/.gem/ruby/2.3.3/bin/rake:22
  [1m[35m (12.2ms)[0m  [1m[35mCOMMIT[0m
  ↳ /Users/irtaj/.gem/ruby/2.3.3/bin/rake:22
  [1m[36mActiveRecord::InternalMetadata Load (6.2ms)[0m  [1m[34mSELECT  "ar_internal_metadata".* FROM "ar_internal_metadata" WHERE "ar_internal_metadata"."key" = $1 LIMIT $2[0m  [["key", "environment"], ["LIMIT", 1]]
  ↳ /Users/irtaj/.gem/ruby/2.3.3/bin/rake:22
  [1m[35m (0.2ms)[0m  [1m[35mBEGIN[0m
  ↳ /Users/irtaj/.gem/ruby/2.3.3/bin/rake:22
  [1m[35m (0.2ms)[0m  [1m[35mCOMMIT[0m
  ↳ /Users/irtaj/.gem/ruby/2.3.3/bin/rake:22
  [1m[35m (0.3ms)[0m  [1m[34mSELECT pg_advisory_unlock(7058545287110250675)[0m
  ↳ /Users/irtaj/.gem/ruby/2.3.3/bin/rake:22
  [1m[35m (0.3ms)[0m  [1m[34mSELECT "schema_migrations"."version" FROM "schema_migrations" ORDER BY "schema_migrations"."version" ASC[0m
  ↳ /Users/irtaj/.gem/ruby/2.3.3/bin/rake:22
  [1m[35m (0.9ms)[0m  [1m[34mSELECT "schema_migrations"."version" FROM "schema_migrations" ORDER BY "schema_migrations"."version" ASC[0m
  ↳ /Users/irtaj/.gem/ruby/2.3.3/bin/rake:22
  [1m[35m (0.5ms)[0m  [1m[34mSELECT "schema_migrations"."version" FROM "schema_migrations" ORDER BY "schema_migrations"."version" ASC[0m
  ↳ /Users/irtaj/.gem/ruby/2.3.3/bin/rake:22
  [1m[35m (0.3ms)[0m  [1m[34mSELECT "schema_migrations"."version" FROM "schema_migrations" ORDER BY "schema_migrations"."version" ASC[0m
  ↳ /Users/irtaj/.gem/ruby/2.3.3/bin/rake:22
  [1m[35m (0.3ms)[0m  [1m[34mSELECT pg_try_advisory_lock(7058545287110250675)[0m
  ↳ /Users/irtaj/.gem/ruby/2.3.3/bin/rake:22
  [1m[35m (0.4ms)[0m  [1m[34mSELECT "schema_migrations"."version" FROM "schema_migrations" ORDER BY "schema_migrations"."version" ASC[0m
  ↳ /Users/irtaj/.gem/ruby/2.3.3/bin/rake:22
Migrating to CreateResources (20180501234559)
  [1m[35m (0.2ms)[0m  [1m[35mBEGIN[0m
  ↳ /Users/irtaj/.gem/ruby/2.3.3/bin/rake:22
  [1m[35m (9.1ms)[0m  [1m[35mDROP TABLE "resources"[0m
  ↳ /Users/irtaj/.gem/ruby/2.3.3/bin/rake:22
  [1m[36mActiveRecord::SchemaMigration Destroy (0.9ms)[0m  [1m[31mDELETE FROM "schema_migrations" WHERE "schema_migrations"."version" = $1[0m  [["version", "20180501234559"]]
  ↳ /Users/irtaj/.gem/ruby/2.3.3/bin/rake:22
  [1m[35m (14.6ms)[0m  [1m[35mCOMMIT[0m
  ↳ /Users/irtaj/.gem/ruby/2.3.3/bin/rake:22
  [1m[35m (0.5ms)[0m  [1m[34mSELECT pg_advisory_unlock(7058545287110250675)[0m
  ↳ /Users/irtaj/.gem/ruby/2.3.3/bin/rake:22
  [1m[35m (0.4ms)[0m  [1m[34mSELECT "schema_migrations"."version" FROM "schema_migrations" ORDER BY "schema_migrations"."version" ASC[0m
  ↳ /Users/irtaj/.gem/ruby/2.3.3/bin/rake:22
  [1m[35m (0.2ms)[0m  [1m[34mSELECT pg_try_advisory_lock(7058545287110250675)[0m
  ↳ /Users/irtaj/.gem/ruby/2.3.3/bin/rake:22
  [1m[35m (0.9ms)[0m  [1m[34mSELECT "schema_migrations"."version" FROM "schema_migrations" ORDER BY "schema_migrations"."version" ASC[0m
  ↳ /Users/irtaj/.gem/ruby/2.3.3/bin/rake:22
Migrating to CreateResources (20180501234559)
  [1m[35m (0.2ms)[0m  [1m[35mBEGIN[0m
  ↳ /Users/irtaj/.gem/ruby/2.3.3/bin/rake:22
  [1m[35m (7.9ms)[0m  [1m[35mCREATE TABLE "resources" ("id" bigserial primary key, "name" character varying NOT NULL, "type" character varying NOT NULL, "needed" boolean, "expire_date" timestamp NOT NULL, "urgent" boolean DEFAULT FALSE, "user_id" bigint, "company_id" bigint, "created_at" timestamp NOT NULL, "updated_at" timestamp NOT NULL)[0m
  ↳ db/migrate/20180501234559_create_resources.rb:3
  [1m[35m (3.2ms)[0m  [1m[35mCREATE  INDEX  "index_resources_on_user_id" ON "resources"  ("user_id")[0m
  ↳ db/migrate/20180501234559_create_resources.rb:3
  [1m[35m (2.8ms)[0m  [1m[35mCREATE  INDEX  "index_resources_on_company_id" ON "resources"  ("company_id")[0m
  ↳ db/migrate/20180501234559_create_resources.rb:3
  [1m[36mActiveRecord::SchemaMigration Create (0.6ms)[0m  [1m[32mINSERT INTO "schema_migrations" ("version") VALUES ($1) RETURNING "version"[0m  [["version", "20180501234559"]]
  ↳ /Users/irtaj/.gem/ruby/2.3.3/bin/rake:22
  [1m[35m (2.5ms)[0m  [1m[35mCOMMIT[0m
  ↳ /Users/irtaj/.gem/ruby/2.3.3/bin/rake:22
  [1m[36mActiveRecord::InternalMetadata Load (0.4ms)[0m  [1m[34mSELECT  "ar_internal_metadata".* FROM "ar_internal_metadata" WHERE "ar_internal_metadata"."key" = $1 LIMIT $2[0m  [["key", "environment"], ["LIMIT", 1]]
  ↳ /Users/irtaj/.gem/ruby/2.3.3/bin/rake:22
  [1m[35m (0.3ms)[0m  [1m[35mBEGIN[0m
  ↳ /Users/irtaj/.gem/ruby/2.3.3/bin/rake:22
  [1m[35m (0.3ms)[0m  [1m[35mCOMMIT[0m
  ↳ /Users/irtaj/.gem/ruby/2.3.3/bin/rake:22
  [1m[35m (0.3ms)[0m  [1m[34mSELECT pg_advisory_unlock(7058545287110250675)[0m
  ↳ /Users/irtaj/.gem/ruby/2.3.3/bin/rake:22
  [1m[35m (0.7ms)[0m  [1m[34mSELECT "schema_migrations"."version" FROM "schema_migrations" ORDER BY "schema_migrations"."version" ASC[0m
  ↳ /Users/irtaj/.gem/ruby/2.3.3/bin/rake:22
